[debug] [2019-02-23T14:07:39.705Z] ----------------------------------------------------------------------
[debug] [2019-02-23T14:07:39.707Z] Command:       /usr/local/Cellar/node/11.9.0/bin/node /usr/local/bin/firebase serve
[debug] [2019-02-23T14:07:39.707Z] CLI Version:   6.4.0
[debug] [2019-02-23T14:07:39.707Z] Platform:      darwin
[debug] [2019-02-23T14:07:39.707Z] Node Version:  v11.9.0
[debug] [2019-02-23T14:07:39.708Z] Time:          Sat Feb 23 2019 09:07:39 GMT-0500 (Eastern Standard Time)
[debug] [2019-02-23T14:07:39.708Z] ----------------------------------------------------------------------
[debug] 
[debug] [2019-02-23T14:07:39.716Z] > command requires scopes: ["email","openid","https://www.googleapis.com/auth/cloudplatformprojects.readonly","https://www.googleapis.com/auth/firebase","https://www.googleapis.com/auth/cloud-platform"]
[debug] [2019-02-23T14:07:39.716Z] > authorizing via signed-in user
[debug] [2019-02-23T14:07:39.717Z] [iam] checking project lavision for permissions ["firebase.projects.get"]
[debug] [2019-02-23T14:07:39.718Z] >>> HTTP REQUEST POST https://cloudresourcemanager.googleapis.com/v1/projects/lavision:testIamPermissions  

[debug] [2019-02-23T14:07:40.028Z] <<< HTTP RESPONSE 200
[debug] [2019-02-23T14:07:40.030Z] >>> HTTP REQUEST GET https://cloudresourcemanager.googleapis.com/v1/projects/lavision  
 
[debug] [2019-02-23T14:07:40.279Z] <<< HTTP RESPONSE 200
[info] 
[info] === Serving from '/Users/zackyew/GitHub/LaVision-Server'...
[info] 
[debug] [2019-02-23T14:07:40.281Z] >>> HTTP REQUEST GET https://mobilesdk-pa.googleapis.com/v1/projects/271188764440/clients/_:getWebAppConfig  
 
[debug] [2019-02-23T14:07:40.667Z] <<< HTTP RESPONSE 200
[info] i  hosting: Serving hosting files from: public
[info] ✔  hosting: Local server: http://localhost:5000
